[0.099s] Invoking command in '/home/vx792/ros2_ws/src/ros-controls/ros2_control/build/hardware_interface': AMENT_PREFIX_PATH=/home/vx792/ros2_ws/src/ros-controls/ros2_control/install/ros2_control_test_assets:${AMENT_PREFIX_PATH} CMAKE_PREFIX_PATH=/home/vx792/ros2_ws/src/ros-controls/ros2_control/install/ros2_control_test_assets:/home/vx792/ros2_ws/src/ros-controls/install/gazebo_ros2_control_demos:/home/vx792/ros2_ws/src/ros-controls/install/ros2_controllers:/home/vx792/ros2_ws/src/ros-controls/install/velocity_controllers:/home/vx792/ros2_ws/src/ros-controls/install/ros2_control:/home/vx792/ros2_ws/src/ros-controls/install/transmission_interface:/home/vx792/ros2_ws/src/ros-controls/install/ros2_control_demos:/home/vx792/ros2_ws/src/ros-controls/install/ros2_control_demo_bringup:/home/vx792/ros2_ws/src/ros-controls/install/rrbot_description:/home/vx792/ros2_ws/src/ros-controls/install/gazebo_ros2_control:/home/vx792/ros2_ws/src/ros-controls/install/controller_manager:/home/vx792/ros2_ws/src/ros-controls/install/ros2_control_test_assets:/home/vx792/ros2_ws/src/ros-controls/install/ros2_control_demo_hardware:/home/vx792/ros2_ws/src/ros-controls/install/position_controllers:/home/vx792/ros2_ws/src/ros-controls/install/joint_trajectory_controller:/home/vx792/ros2_ws/src/ros-controls/install/joint_state_broadcaster:/home/vx792/ros2_ws/src/ros-controls/install/joint_limits:/home/vx792/ros2_ws/src/ros-controls/install/imu_sensor_broadcaster:/home/vx792/ros2_ws/src/ros-controls/install/gripper_controllers:/home/vx792/ros2_ws/src/ros-controls/install/effort_controllers:/home/vx792/ros2_ws/src/ros-controls/install/forward_command_controller:/home/vx792/ros2_ws/src/ros-controls/install/force_torque_sensor_broadcaster:/home/vx792/ros2_ws/src/ros-controls/install/diff_drive_controller:/home/vx792/ros2_ws/src/ros-controls/install/controller_interface:/home/vx792/ros2_ws/src/ros-controls/install/hardware_interface:/home/vx792/ros2_ws/src/ros-controls/install/diffbot_description:/home/vx792/ros2_ws/src/ros-controls/install/controller_manager_msgs:/home/vx792/ros2_ws/src/ros-controls/install/ros2controlcli:/home/vx792/ros2_ws/src/ros-controls/install/ros2_controllers_test_nodes:/home/vx792/ros2_ws/src/ros-controls/install/ros2_control_test_nodes:/opt/ros/rolling /usr/bin/cmake /home/vx792/ros2_ws/src/ros-controls/ros2_control/hardware_interface -DCMAKE_INSTALL_PREFIX=/home/vx792/ros2_ws/src/ros-controls/ros2_control/install/hardware_interface
[0.379s] -- The C compiler identification is GNU 9.4.0
[0.668s] -- The CXX compiler identification is GNU 9.4.0
[0.702s] -- Check for working C compiler: /usr/bin/cc
[1.002s] -- Check for working C compiler: /usr/bin/cc -- works
[1.002s] -- Detecting C compiler ABI info
[1.373s] -- Detecting C compiler ABI info - done
[1.413s] -- Detecting C compile features
[1.413s] -- Detecting C compile features - done
[1.426s] -- Check for working CXX compiler: /usr/bin/c++
[1.683s] -- Check for working CXX compiler: /usr/bin/c++ -- works
[1.687s] -- Detecting CXX compiler ABI info
[1.983s] -- Detecting CXX compiler ABI info - done
[2.027s] -- Detecting CXX compile features
[2.034s] -- Detecting CXX compile features - done
[2.044s] -- Found ament_cmake: 1.2.1 (/opt/ros/rolling/share/ament_cmake/cmake)
[2.737s] -- Found Python3: /usr/bin/python3.8 (found version "3.8.10") found components: Interpreter 
[3.180s] -- Found control_msgs: 3.0.0 (/opt/ros/rolling/share/control_msgs/cmake)
[3.407s] -- Using all available rosidl_typesupport_c: rosidl_typesupport_fastrtps_c;rosidl_typesupport_introspection_c
[3.454s] -- Found rosidl_adapter: 3.0.1 (/opt/ros/rolling/share/rosidl_adapter/cmake)
[3.645s] -- Using all available rosidl_typesupport_cpp: rosidl_typesupport_fastrtps_cpp;rosidl_typesupport_introspection_cpp
[6.052s] -- Found lifecycle_msgs: 1.1.0 (/opt/ros/rolling/share/lifecycle_msgs/cmake)
[6.123s] -- Found pluginlib: 5.1.0 (/opt/ros/rolling/share/pluginlib/cmake)
[6.263s] -- Found rclcpp_lifecycle: 15.0.0 (/opt/ros/rolling/share/rclcpp_lifecycle/cmake)
[6.682s] -- Found rmw_implementation_cmake: 5.1.0 (/opt/ros/rolling/share/rmw_implementation_cmake/cmake)
[6.712s] -- Found rmw_cyclonedds_cpp: 1.1.2 (/opt/ros/rolling/share/rmw_cyclonedds_cpp/cmake)
[6.860s] -- Using RMW implementation 'rmw_cyclonedds_cpp' as default
[8.054s] -- Found TinyXML2: /usr/lib/x86_64-linux-gnu/libtinyxml2.so  
[8.097s] -- Found ament_cmake_gmock: 1.2.1 (/opt/ros/rolling/share/ament_cmake_gmock/cmake)
[8.104s] -- Found ros2_control_test_assets: 2.12.1 (/home/vx792/ros2_ws/src/ros-controls/ros2_control/install/ros2_control_test_assets/share/ros2_control_test_assets/cmake)
[8.142s] -- Found gmock sources under '/opt/ros/rolling/src/gmock_vendor': C++ tests using 'Google Mock' will be built
[8.167s] -- Found ament_cmake_gtest: 1.2.1 (/opt/ros/rolling/share/ament_cmake_gtest/cmake)
[8.167s] -- Found gtest sources under '/opt/ros/rolling/src/gtest_vendor': C++ tests using 'Google Test' will be built
[8.521s] -- Configuring done
[9.007s] -- Generating done
[9.022s] -- Build files have been written to: /home/vx792/ros2_ws/src/ros-controls/ros2_control/build/hardware_interface
[9.048s] Invoked command in '/home/vx792/ros2_ws/src/ros-controls/ros2_control/build/hardware_interface' returned '0': AMENT_PREFIX_PATH=/home/vx792/ros2_ws/src/ros-controls/ros2_control/install/ros2_control_test_assets:${AMENT_PREFIX_PATH} CMAKE_PREFIX_PATH=/home/vx792/ros2_ws/src/ros-controls/ros2_control/install/ros2_control_test_assets:/home/vx792/ros2_ws/src/ros-controls/install/gazebo_ros2_control_demos:/home/vx792/ros2_ws/src/ros-controls/install/ros2_controllers:/home/vx792/ros2_ws/src/ros-controls/install/velocity_controllers:/home/vx792/ros2_ws/src/ros-controls/install/ros2_control:/home/vx792/ros2_ws/src/ros-controls/install/transmission_interface:/home/vx792/ros2_ws/src/ros-controls/install/ros2_control_demos:/home/vx792/ros2_ws/src/ros-controls/install/ros2_control_demo_bringup:/home/vx792/ros2_ws/src/ros-controls/install/rrbot_description:/home/vx792/ros2_ws/src/ros-controls/install/gazebo_ros2_control:/home/vx792/ros2_ws/src/ros-controls/install/controller_manager:/home/vx792/ros2_ws/src/ros-controls/install/ros2_control_test_assets:/home/vx792/ros2_ws/src/ros-controls/install/ros2_control_demo_hardware:/home/vx792/ros2_ws/src/ros-controls/install/position_controllers:/home/vx792/ros2_ws/src/ros-controls/install/joint_trajectory_controller:/home/vx792/ros2_ws/src/ros-controls/install/joint_state_broadcaster:/home/vx792/ros2_ws/src/ros-controls/install/joint_limits:/home/vx792/ros2_ws/src/ros-controls/install/imu_sensor_broadcaster:/home/vx792/ros2_ws/src/ros-controls/install/gripper_controllers:/home/vx792/ros2_ws/src/ros-controls/install/effort_controllers:/home/vx792/ros2_ws/src/ros-controls/install/forward_command_controller:/home/vx792/ros2_ws/src/ros-controls/install/force_torque_sensor_broadcaster:/home/vx792/ros2_ws/src/ros-controls/install/diff_drive_controller:/home/vx792/ros2_ws/src/ros-controls/install/controller_interface:/home/vx792/ros2_ws/src/ros-controls/install/hardware_interface:/home/vx792/ros2_ws/src/ros-controls/install/diffbot_description:/home/vx792/ros2_ws/src/ros-controls/install/controller_manager_msgs:/home/vx792/ros2_ws/src/ros-controls/install/ros2controlcli:/home/vx792/ros2_ws/src/ros-controls/install/ros2_controllers_test_nodes:/home/vx792/ros2_ws/src/ros-controls/install/ros2_control_test_nodes:/opt/ros/rolling /usr/bin/cmake /home/vx792/ros2_ws/src/ros-controls/ros2_control/hardware_interface -DCMAKE_INSTALL_PREFIX=/home/vx792/ros2_ws/src/ros-controls/ros2_control/install/hardware_interface
[9.049s] Invoking command in '/home/vx792/ros2_ws/src/ros-controls/ros2_control/build/hardware_interface': AMENT_PREFIX_PATH=/home/vx792/ros2_ws/src/ros-controls/ros2_control/install/ros2_control_test_assets:${AMENT_PREFIX_PATH} CMAKE_PREFIX_PATH=/home/vx792/ros2_ws/src/ros-controls/ros2_control/install/ros2_control_test_assets:/home/vx792/ros2_ws/src/ros-controls/install/gazebo_ros2_control_demos:/home/vx792/ros2_ws/src/ros-controls/install/ros2_controllers:/home/vx792/ros2_ws/src/ros-controls/install/velocity_controllers:/home/vx792/ros2_ws/src/ros-controls/install/ros2_control:/home/vx792/ros2_ws/src/ros-controls/install/transmission_interface:/home/vx792/ros2_ws/src/ros-controls/install/ros2_control_demos:/home/vx792/ros2_ws/src/ros-controls/install/ros2_control_demo_bringup:/home/vx792/ros2_ws/src/ros-controls/install/rrbot_description:/home/vx792/ros2_ws/src/ros-controls/install/gazebo_ros2_control:/home/vx792/ros2_ws/src/ros-controls/install/controller_manager:/home/vx792/ros2_ws/src/ros-controls/install/ros2_control_test_assets:/home/vx792/ros2_ws/src/ros-controls/install/ros2_control_demo_hardware:/home/vx792/ros2_ws/src/ros-controls/install/position_controllers:/home/vx792/ros2_ws/src/ros-controls/install/joint_trajectory_controller:/home/vx792/ros2_ws/src/ros-controls/install/joint_state_broadcaster:/home/vx792/ros2_ws/src/ros-controls/install/joint_limits:/home/vx792/ros2_ws/src/ros-controls/install/imu_sensor_broadcaster:/home/vx792/ros2_ws/src/ros-controls/install/gripper_controllers:/home/vx792/ros2_ws/src/ros-controls/install/effort_controllers:/home/vx792/ros2_ws/src/ros-controls/install/forward_command_controller:/home/vx792/ros2_ws/src/ros-controls/install/force_torque_sensor_broadcaster:/home/vx792/ros2_ws/src/ros-controls/install/diff_drive_controller:/home/vx792/ros2_ws/src/ros-controls/install/controller_interface:/home/vx792/ros2_ws/src/ros-controls/install/hardware_interface:/home/vx792/ros2_ws/src/ros-controls/install/diffbot_description:/home/vx792/ros2_ws/src/ros-controls/install/controller_manager_msgs:/home/vx792/ros2_ws/src/ros-controls/install/ros2controlcli:/home/vx792/ros2_ws/src/ros-controls/install/ros2_controllers_test_nodes:/home/vx792/ros2_ws/src/ros-controls/install/ros2_control_test_nodes:/opt/ros/rolling /usr/bin/cmake --build /home/vx792/ros2_ws/src/ros-controls/ros2_control/build/hardware_interface -- -j2 -l2
[9.328s] [35m[1mScanning dependencies of target hardware_interface[0m
[9.474s] [  2%] [32mBuilding CXX object CMakeFiles/hardware_interface.dir/src/actuator.cpp.o[0m
[12.882s] [  5%] [32mBuilding CXX object CMakeFiles/hardware_interface.dir/src/component_parser.cpp.o[0m
[24.568s] [  8%] [32mBuilding CXX object CMakeFiles/hardware_interface.dir/src/resource_manager.cpp.o[0m
[46.128s] [ 10%] [32mBuilding CXX object CMakeFiles/hardware_interface.dir/src/sensor.cpp.o[0m
[49.598s] [ 13%] [32mBuilding CXX object CMakeFiles/hardware_interface.dir/src/system.cpp.o[0m
[52.815s] [ 16%] [32m[1mLinking CXX shared library libhardware_interface.so[0m
[54.354s] [ 16%] Built target hardware_interface
[54.446s] [35m[1mScanning dependencies of target gmock[0m
[54.643s] [ 18%] [32mBuilding CXX object gmock/CMakeFiles/gmock.dir/opt/ros/rolling/src/gtest_vendor/src/gtest-all.cc.o[0m
[64.660s] make[2]: *** [gmock/CMakeFiles/gmock.dir/build.make:63: gmock/CMakeFiles/gmock.dir/opt/ros/rolling/src/gtest_vendor/src/gtest-all.cc.o] Interrupt
[64.680s] make[1]: *** [CMakeFiles/Makefile2:530: gmock/CMakeFiles/gmock.dir/all] Interrupt
[64.681s] make: *** [Makefile:141: all] Interrupt
[64.712s] Invoked command in '/home/vx792/ros2_ws/src/ros-controls/ros2_control/build/hardware_interface' returned '-2': AMENT_PREFIX_PATH=/home/vx792/ros2_ws/src/ros-controls/ros2_control/install/ros2_control_test_assets:${AMENT_PREFIX_PATH} CMAKE_PREFIX_PATH=/home/vx792/ros2_ws/src/ros-controls/ros2_control/install/ros2_control_test_assets:/home/vx792/ros2_ws/src/ros-controls/install/gazebo_ros2_control_demos:/home/vx792/ros2_ws/src/ros-controls/install/ros2_controllers:/home/vx792/ros2_ws/src/ros-controls/install/velocity_controllers:/home/vx792/ros2_ws/src/ros-controls/install/ros2_control:/home/vx792/ros2_ws/src/ros-controls/install/transmission_interface:/home/vx792/ros2_ws/src/ros-controls/install/ros2_control_demos:/home/vx792/ros2_ws/src/ros-controls/install/ros2_control_demo_bringup:/home/vx792/ros2_ws/src/ros-controls/install/rrbot_description:/home/vx792/ros2_ws/src/ros-controls/install/gazebo_ros2_control:/home/vx792/ros2_ws/src/ros-controls/install/controller_manager:/home/vx792/ros2_ws/src/ros-controls/install/ros2_control_test_assets:/home/vx792/ros2_ws/src/ros-controls/install/ros2_control_demo_hardware:/home/vx792/ros2_ws/src/ros-controls/install/position_controllers:/home/vx792/ros2_ws/src/ros-controls/install/joint_trajectory_controller:/home/vx792/ros2_ws/src/ros-controls/install/joint_state_broadcaster:/home/vx792/ros2_ws/src/ros-controls/install/joint_limits:/home/vx792/ros2_ws/src/ros-controls/install/imu_sensor_broadcaster:/home/vx792/ros2_ws/src/ros-controls/install/gripper_controllers:/home/vx792/ros2_ws/src/ros-controls/install/effort_controllers:/home/vx792/ros2_ws/src/ros-controls/install/forward_command_controller:/home/vx792/ros2_ws/src/ros-controls/install/force_torque_sensor_broadcaster:/home/vx792/ros2_ws/src/ros-controls/install/diff_drive_controller:/home/vx792/ros2_ws/src/ros-controls/install/controller_interface:/home/vx792/ros2_ws/src/ros-controls/install/hardware_interface:/home/vx792/ros2_ws/src/ros-controls/install/diffbot_description:/home/vx792/ros2_ws/src/ros-controls/install/controller_manager_msgs:/home/vx792/ros2_ws/src/ros-controls/install/ros2controlcli:/home/vx792/ros2_ws/src/ros-controls/install/ros2_controllers_test_nodes:/home/vx792/ros2_ws/src/ros-controls/install/ros2_control_test_nodes:/opt/ros/rolling /usr/bin/cmake --build /home/vx792/ros2_ws/src/ros-controls/ros2_control/build/hardware_interface -- -j2 -l2
